<?xml version="1.0" encoding="UTF-8"?>
<testng-results ignored="0" total="1" passed="1" failed="0" skipped="0">
  <reporter-output>
  </reporter-output>
  <suite started-at="2024-02-12T17:19:37 IST" name="Default suite" finished-at="2024-02-12T17:19:37 IST" duration-ms="360">
    <groups>
    </groups>
    <test started-at="2024-02-12T17:19:37 IST" name="Default test" finished-at="2024-02-12T17:19:37 IST" duration-ms="360">
      <class name="Tutorial1.Demo1">
        <test-method signature="a1()[pri:0, instance:Tutorial1.Demo1@243c4f91]" started-at="2024-02-12T17:19:37 IST" name="a1" finished-at="2024-02-12T17:19:37 IST" duration-ms="17" status="PASS">
          <reporter-output>
          </reporter-output>
        </test-method> <!-- a1 -->
      </class> <!-- Tutorial1.Demo1 -->
    </test> <!-- Default test -->
  </suite> <!-- Default suite -->
</testng-results>
